<?xml version="1.0" encoding="UTF-8"?>
<testng-results ignored="0" total="1" passed="1" failed="0" skipped="0">
  <reporter-output>
  </reporter-output>
  <suite started-at="2023-06-02T20:38:33 IST" name="Suite" finished-at="2023-06-02T20:38:59 IST" duration-ms="25998">
    <groups>
    </groups>
    <test started-at="2023-06-02T20:38:33 IST" name="Test" finished-at="2023-06-02T20:38:59 IST" duration-ms="25998">
      <class name="hariKRishna.Autoit.AutoIt">
        <test-method signature="getIt()[pri:0, instance:hariKRishna.Autoit.AutoIt@4bb33f74]" started-at="2023-06-02T20:38:33 IST" name="getIt" finished-at="2023-06-02T20:38:59 IST" duration-ms="25876" status="PASS">
          <reporter-output>
          </reporter-output>
        </test-method> <!-- getIt -->
      </class> <!-- hariKRishna.Autoit.AutoIt -->
    </test> <!-- Test -->
  </suite> <!-- Suite -->
</testng-results>
