<?xml version="1.0" encoding="UTF-8"?>
<testsuite xmlns:xsi="http://www.w3.org/2001/XMLSchema-instance" xsi:noNamespaceSchemaLocation="https://maven.apache.org/surefire/maven-surefire-plugin/xsd/surefire-test-report-3.0.xsd" version="3.0" name="TestSuite" time="124.695" tests="10" errors="0" skipped="3" failures="5">
  <properties>
[...]
</properties>
  <testcase name="multipleWindowsAndScreenShot" classname="hariKRishna.browserStack.BrowserStack" time="1.084">
    <failure message="For documentation on this error, please visit: https://selenium.dev/exceptions/#no_such_element&#10;Build info: version: &apos;4.9.1&apos;, revision: &apos;eb2032df7f&apos;&#10;System info: os.name: &apos;Windows 11&apos;, os.arch: &apos;amd64&apos;, os.version: &apos;10.0&apos;, java.version: &apos;17.0.4.1&apos;&#10;Driver info: org.openqa.selenium.remote.RemoteWebDriver&#10;Command: [e2ad252fa45a0593c8edb90cd8d76cbf538837ec, findElement {using=css selector, value=input[name=&apos;name&apos;]}]&#10;Capabilities {acceptInsecureCerts: false, browserName: Safari, browserVersion: 14.1.2, platformName: mac, safari:automaticInspection: false, safari:automaticProfiling: false, safari:diagnose: false, safari:platformBuildVersion: 20G314, safari:platformVersion: 11.6.2, safari:useSimulator: false, setWindowRect: true, strictFileInteractability: false, webdriver.remote.sessionid: e2ad252fa45a0593c8edb90cd8d..., webkit:WebRTC: {DisableICECandidateFiltering: false, DisableInsecureMediaCapture: false}}&#10;Session ID: e2ad252fa45a0593c8edb90cd8d76cbf538837ec" type="org.openqa.selenium.NoSuchElementException"><![CDATA[org.openqa.selenium.NoSuchElementException: 
For documentation on this error, please visit: https://selenium.dev/exceptions/#no_such_element
Build info: version: '4.9.1', revision: 'eb2032df7f'
System info: os.name: 'Windows 11', os.arch: 'amd64', os.version: '10.0', java.version: '17.0.4.1'
Driver info: org.openqa.selenium.remote.RemoteWebDriver
Command: [e2ad252fa45a0593c8edb90cd8d76cbf538837ec, findElement {using=css selector, value=input[name='name']}]
Capabilities {acceptInsecureCerts: false, browserName: Safari, browserVersion: 14.1.2, platformName: mac, safari:automaticInspection: false, safari:automaticProfiling: false, safari:diagnose: false, safari:platformBuildVersion: 20G314, safari:platformVersion: 11.6.2, safari:useSimulator: false, setWindowRect: true, strictFileInteractability: false, webdriver.remote.sessionid: e2ad252fa45a0593c8edb90cd8d..., webkit:WebRTC: {DisableICECandidateFiltering: false, DisableInsecureMediaCapture: false}}
Session ID: e2ad252fa45a0593c8edb90cd8d76cbf538837ec
	at hariKRishna.browserStack.BrowserStack.multipleWindowsAndScreenShot(BrowserStack.java:52)
]]></failure>
    <system-err><![CDATA[Jun 02, 2023 9:04:18 PM org.openqa.selenium.remote.tracing.opentelemetry.OpenTelemetryTracer createTracer
INFO: Using OpenTelemetry for tracing
]]></system-err>
  </testcase>
  <testcase name="multipleWindowsAndScreenShot" classname="hariKRishna.browserStack.BrowserStack" time="2.128"/>
  <testcase name="multipleWindowsAndScreenShot" classname="hariKRishna.browserStack.BrowserStack" time="4.526"/>
  <testcase name="alerts" classname="hariKRishna.browserStack.BrowserStack" time="5.693">
    <failure message="Encountered invalid &apos;type&apos; and &apos;pointerType&apos; combination in payload: {&#10;    actions =     (&#10;                {&#10;            deltaX = 0;&#10;            deltaY = 0;&#10;            duration = 250;&#10;            origin =             {&#10;                &quot;element-6066-11e4-a52e-4f735466cecf&quot; = &quot;node-E0ED71CB-9A55-4472-8AFB-C0C68A02AC1E&quot;;&#10;            };&#10;            type = scroll;&#10;            x = 0;&#10;            y = 0;&#10;        }&#10;    );&#10;    id = &quot;default wheel&quot;;&#10;    type = wheel;&#10;}&#10;Build info: version: &apos;4.9.1&apos;, revision: &apos;eb2032df7f&apos;&#10;System info: os.name: &apos;Windows 11&apos;, os.arch: &apos;amd64&apos;, os.version: &apos;10.0&apos;, java.version: &apos;17.0.4.1&apos;&#10;Driver info: org.openqa.selenium.remote.RemoteWebDriver&#10;Command: [4a2a5822f0ffe8f3d05d937dde969561627f6a2b, actions {actions=[org.openqa.selenium.interactions.Sequence@57b7f27f]}]&#10;Capabilities {acceptInsecureCerts: false, browserName: Safari, browserVersion: 14.1.2, platformName: mac, safari:automaticInspection: false, safari:automaticProfiling: false, safari:diagnose: false, safari:platformBuildVersion: 20G314, safari:platformVersion: 11.6.2, safari:useSimulator: false, setWindowRect: true, strictFileInteractability: false, webdriver.remote.sessionid: 4a2a5822f0ffe8f3d05d937dde9..., webkit:WebRTC: {DisableICECandidateFiltering: false, DisableInsecureMediaCapture: false}}&#10;Session ID: 4a2a5822f0ffe8f3d05d937dde969561627f6a2b" type="org.openqa.selenium.InvalidArgumentException"><![CDATA[org.openqa.selenium.InvalidArgumentException: 
Encountered invalid 'type' and 'pointerType' combination in payload: {
    actions =     (
                {
            deltaX = 0;
            deltaY = 0;
            duration = 250;
            origin =             {
                "element-6066-11e4-a52e-4f735466cecf" = "node-E0ED71CB-9A55-4472-8AFB-C0C68A02AC1E";
            };
            type = scroll;
            x = 0;
            y = 0;
        }
    );
    id = "default wheel";
    type = wheel;
}
Build info: version: '4.9.1', revision: 'eb2032df7f'
System info: os.name: 'Windows 11', os.arch: 'amd64', os.version: '10.0', java.version: '17.0.4.1'
Driver info: org.openqa.selenium.remote.RemoteWebDriver
Command: [4a2a5822f0ffe8f3d05d937dde969561627f6a2b, actions {actions=[org.openqa.selenium.interactions.Sequence@57b7f27f]}]
Capabilities {acceptInsecureCerts: false, browserName: Safari, browserVersion: 14.1.2, platformName: mac, safari:automaticInspection: false, safari:automaticProfiling: false, safari:diagnose: false, safari:platformBuildVersion: 20G314, safari:platformVersion: 11.6.2, safari:useSimulator: false, setWindowRect: true, strictFileInteractability: false, webdriver.remote.sessionid: 4a2a5822f0ffe8f3d05d937dde9..., webkit:WebRTC: {DisableICECandidateFiltering: false, DisableInsecureMediaCapture: false}}
Session ID: 4a2a5822f0ffe8f3d05d937dde969561627f6a2b
	at hariKRishna.browserStack.BrowserStack.alerts(BrowserStack.java:78)
]]></failure>
  </testcase>
  <testcase name="alerts" classname="hariKRishna.browserStack.BrowserStack" time="9.442">
    <failure message="Unknown action type: [object String] &quot;wheel&quot;&#10;Build info: version: &apos;4.9.1&apos;, revision: &apos;eb2032df7f&apos;&#10;System info: os.name: &apos;Windows 11&apos;, os.arch: &apos;amd64&apos;, os.version: &apos;10.0&apos;, java.version: &apos;17.0.4.1&apos;&#10;Driver info: org.openqa.selenium.remote.RemoteWebDriver&#10;Command: [5ec5a54b4915e30672f657bceb48c1ea4b88b529, actions {actions=[org.openqa.selenium.interactions.Sequence@15750080]}]&#10;Capabilities {acceptInsecureCerts: false, browserName: firefox, browserVersion: 102.0, moz:accessibilityChecks: false, moz:buildID: 20220623063721, moz:geckodriverVersion: 0.33.0, moz:headless: false, moz:processID: 1696, moz:profile: C:\Windows\proxy\rust_mozpr..., moz:shutdownTimeout: 60000, moz:useNonSpecCompliantPointerOrigin: false, moz:webdriverClick: true, moz:windowless: false, pageLoadStrategy: normal, platformName: windows, platformVersion: 10.0, proxy: Proxy(), setWindowRect: true, strictFileInteractability: false, timeouts: {implicit: 0, pageLoad: 300000, script: 30000}, unhandledPromptBehavior: dismiss and notify, webdriver.remote.sessionid: 5ec5a54b4915e30672f657bceb4...}&#10;Session ID: 5ec5a54b4915e30672f657bceb48c1ea4b88b529" type="org.openqa.selenium.InvalidArgumentException"><![CDATA[org.openqa.selenium.InvalidArgumentException: 
Unknown action type: [object String] "wheel"
Build info: version: '4.9.1', revision: 'eb2032df7f'
System info: os.name: 'Windows 11', os.arch: 'amd64', os.version: '10.0', java.version: '17.0.4.1'
Driver info: org.openqa.selenium.remote.RemoteWebDriver
Command: [5ec5a54b4915e30672f657bceb48c1ea4b88b529, actions {actions=[org.openqa.selenium.interactions.Sequence@15750080]}]
Capabilities {acceptInsecureCerts: false, browserName: firefox, browserVersion: 102.0, moz:accessibilityChecks: false, moz:buildID: 20220623063721, moz:geckodriverVersion: 0.33.0, moz:headless: false, moz:processID: 1696, moz:profile: C:\Windows\proxy\rust_mozpr..., moz:shutdownTimeout: 60000, moz:useNonSpecCompliantPointerOrigin: false, moz:webdriverClick: true, moz:windowless: false, pageLoadStrategy: normal, platformName: windows, platformVersion: 10.0, proxy: Proxy(), setWindowRect: true, strictFileInteractability: false, timeouts: {implicit: 0, pageLoad: 300000, script: 30000}, unhandledPromptBehavior: dismiss and notify, webdriver.remote.sessionid: 5ec5a54b4915e30672f657bceb4...}
Session ID: 5ec5a54b4915e30672f657bceb48c1ea4b88b529
	at hariKRishna.browserStack.BrowserStack.alerts(BrowserStack.java:78)
]]></failure>
  </testcase>
  <testcase name="alerts" classname="hariKRishna.browserStack.BrowserStack" time="0">
    <skipped message="no such window: target window already closed&#10;from unknown error: web view not found&#10;  (Session info: chrome=103.0.5060.114)&#10;Build info: version: &apos;4.9.1&apos;, revision: &apos;eb2032df7f&apos;&#10;System info: os.name: &apos;Windows 11&apos;, os.arch: &apos;amd64&apos;, os.version: &apos;10.0&apos;, java.version: &apos;17.0.4.1&apos;&#10;Driver info: org.openqa.selenium.remote.RemoteWebDriver&#10;Command: [21d9498b665ca36c5832a699f0ea79cf2176ba87, close {}]&#10;Capabilities {acceptInsecureCerts: false, browserName: chrome, browserVersion: 103.0.5060.114, chrome: {chromedriverVersion: 103.0.5060.24 (e47b049c438c..., userDataDir: C:\Windows\proxy\scoped_dir...}, goog:chromeOptions: {debuggerAddress: localhost:3131}, networkConnectionEnabled: false, pageLoadStrategy: normal, platformName: windows, proxy: Proxy(), setWindowRect: true, strictFileInteractability: false, timeouts: {implicit: 0, pageLoad: 300000, script: 30000}, unhandledPromptBehavior: dismiss and notify, webauthn:extension:credBlob: true, webauthn:extension:largeBlob: true, webauthn:virtualAuthenticators: true, webdriver.remote.sessionid: 21d9498b665ca36c5832a699f0e...}&#10;Session ID: 21d9498b665ca36c5832a699f0ea79cf2176ba87"/>
  </testcase>
  <testcase name="close" classname="hariKRishna.browserStack.BrowserStack" time="2.636">
    <failure message="no such window: target window already closed&#10;from unknown error: web view not found&#10;  (Session info: chrome=103.0.5060.114)&#10;Build info: version: &apos;4.9.1&apos;, revision: &apos;eb2032df7f&apos;&#10;System info: os.name: &apos;Windows 11&apos;, os.arch: &apos;amd64&apos;, os.version: &apos;10.0&apos;, java.version: &apos;17.0.4.1&apos;&#10;Driver info: org.openqa.selenium.remote.RemoteWebDriver&#10;Command: [21d9498b665ca36c5832a699f0ea79cf2176ba87, close {}]&#10;Capabilities {acceptInsecureCerts: false, browserName: chrome, browserVersion: 103.0.5060.114, chrome: {chromedriverVersion: 103.0.5060.24 (e47b049c438c..., userDataDir: C:\Windows\proxy\scoped_dir...}, goog:chromeOptions: {debuggerAddress: localhost:3131}, networkConnectionEnabled: false, pageLoadStrategy: normal, platformName: windows, proxy: Proxy(), setWindowRect: true, strictFileInteractability: false, timeouts: {implicit: 0, pageLoad: 300000, script: 30000}, unhandledPromptBehavior: dismiss and notify, webauthn:extension:credBlob: true, webauthn:extension:largeBlob: true, webauthn:virtualAuthenticators: true, webdriver.remote.sessionid: 21d9498b665ca36c5832a699f0e...}&#10;Session ID: 21d9498b665ca36c5832a699f0ea79cf2176ba87" type="org.openqa.selenium.NoSuchWindowException"><![CDATA[org.openqa.selenium.NoSuchWindowException: 
no such window: target window already closed
from unknown error: web view not found
  (Session info: chrome=103.0.5060.114)
Build info: version: '4.9.1', revision: 'eb2032df7f'
System info: os.name: 'Windows 11', os.arch: 'amd64', os.version: '10.0', java.version: '17.0.4.1'
Driver info: org.openqa.selenium.remote.RemoteWebDriver
Command: [21d9498b665ca36c5832a699f0ea79cf2176ba87, close {}]
Capabilities {acceptInsecureCerts: false, browserName: chrome, browserVersion: 103.0.5060.114, chrome: {chromedriverVersion: 103.0.5060.24 (e47b049c438c..., userDataDir: C:\Windows\proxy\scoped_dir...}, goog:chromeOptions: {debuggerAddress: localhost:3131}, networkConnectionEnabled: false, pageLoadStrategy: normal, platformName: windows, proxy: Proxy(), setWindowRect: true, strictFileInteractability: false, timeouts: {implicit: 0, pageLoad: 300000, script: 30000}, unhandledPromptBehavior: dismiss and notify, webauthn:extension:credBlob: true, webauthn:extension:largeBlob: true, webauthn:virtualAuthenticators: true, webdriver.remote.sessionid: 21d9498b665ca36c5832a699f0e...}
Session ID: 21d9498b665ca36c5832a699f0ea79cf2176ba87
	at hariKRishna.browserStack.BrowserStack.close(BrowserStack.java:38)
]]></failure>
  </testcase>
  <testcase name="close" classname="hariKRishna.browserStack.BrowserStack" time="4.927">
    <failure message="Browsing context has been discarded&#10;Build info: version: &apos;4.9.1&apos;, revision: &apos;eb2032df7f&apos;&#10;System info: os.name: &apos;Windows 11&apos;, os.arch: &apos;amd64&apos;, os.version: &apos;10.0&apos;, java.version: &apos;17.0.4.1&apos;&#10;Driver info: org.openqa.selenium.remote.RemoteWebDriver&#10;Command: [44fb0bcfdf490eaeb7f1f394eed6735e73a9faea, close {}]&#10;Capabilities {acceptInsecureCerts: false, browserName: firefox, browserVersion: 102.0, moz:accessibilityChecks: false, moz:buildID: 20220623063721, moz:geckodriverVersion: 0.33.0, moz:headless: false, moz:processID: 9852, moz:profile: C:\Windows\proxy\rust_mozpr..., moz:shutdownTimeout: 60000, moz:useNonSpecCompliantPointerOrigin: false, moz:webdriverClick: true, moz:windowless: false, pageLoadStrategy: normal, platformName: windows, platformVersion: 10.0, proxy: Proxy(), setWindowRect: true, strictFileInteractability: false, timeouts: {implicit: 0, pageLoad: 300000, script: 30000}, unhandledPromptBehavior: dismiss and notify, webdriver.remote.sessionid: 44fb0bcfdf490eaeb7f1f394eed...}&#10;Session ID: 44fb0bcfdf490eaeb7f1f394eed6735e73a9faea" type="org.openqa.selenium.NoSuchWindowException"><![CDATA[org.openqa.selenium.NoSuchWindowException: 
Browsing context has been discarded
Build info: version: '4.9.1', revision: 'eb2032df7f'
System info: os.name: 'Windows 11', os.arch: 'amd64', os.version: '10.0', java.version: '17.0.4.1'
Driver info: org.openqa.selenium.remote.RemoteWebDriver
Command: [44fb0bcfdf490eaeb7f1f394eed6735e73a9faea, close {}]
Capabilities {acceptInsecureCerts: false, browserName: firefox, browserVersion: 102.0, moz:accessibilityChecks: false, moz:buildID: 20220623063721, moz:geckodriverVersion: 0.33.0, moz:headless: false, moz:processID: 9852, moz:profile: C:\Windows\proxy\rust_mozpr..., moz:shutdownTimeout: 60000, moz:useNonSpecCompliantPointerOrigin: false, moz:webdriverClick: true, moz:windowless: false, pageLoadStrategy: normal, platformName: windows, platformVersion: 10.0, proxy: Proxy(), setWindowRect: true, strictFileInteractability: false, timeouts: {implicit: 0, pageLoad: 300000, script: 30000}, unhandledPromptBehavior: dismiss and notify, webdriver.remote.sessionid: 44fb0bcfdf490eaeb7f1f394eed...}
Session ID: 44fb0bcfdf490eaeb7f1f394eed6735e73a9faea
	at hariKRishna.browserStack.BrowserStack.close(BrowserStack.java:38)
]]></failure>
  </testcase>
  <testcase name="close" classname="hariKRishna.browserStack.BrowserStack" time="0">
    <skipped/>
  </testcase>
  <testcase name="close" classname="hariKRishna.browserStack.BrowserStack" time="0">
    <skipped/>
  </testcase>
</testsuite>