<?xml version="1.0" encoding="UTF-8"?>
<testng-results ignored="0" total="1" passed="1" failed="0" skipped="0">
  <reporter-output>
  </reporter-output>
  <suite started-at="2023-06-02T20:33:11 IST" name="Default suite" finished-at="2023-06-02T20:33:33 IST" duration-ms="22408">
    <groups>
    </groups>
    <test started-at="2023-06-02T20:33:11 IST" name="Default test" finished-at="2023-06-02T20:33:33 IST" duration-ms="22408">
      <class name="hariKRishna.Autoit.AutoIt">
        <test-method signature="getIt()[pri:0, instance:hariKRishna.Autoit.AutoIt@3b6ddd1d]" started-at="2023-06-02T20:33:11 IST" name="getIt" finished-at="2023-06-02T20:33:33 IST" duration-ms="22270" status="PASS">
          <reporter-output>
          </reporter-output>
        </test-method> <!-- getIt -->
      </class> <!-- hariKRishna.Autoit.AutoIt -->
    </test> <!-- Default test -->
  </suite> <!-- Default suite -->
</testng-results>
